# JRE version: OpenJDK Runtime Environment (8.0_222-b10) (build 1.8.0_222-8u222-b10-1ubuntu1~16.04.1-b10)
# Java VM: OpenJDK 64-Bit Server VM (25.222-b10 mixed mode linux-amd64 compressed oops)
Heap:
 PSYoungGen      total 138240K, used 13803K [0x00000000d7a00000, 0x00000000e8f00000, 0x0000000100000000)
  eden space 124416K, 0% used [0x00000000d7a00000,0x00000000d7a00000,0x00000000df380000)
  from space 13824K, 99% used [0x00000000df380000,0x00000000e00fadc0,0x00000000e0100000)
  to   space 17408K, 0% used [0x00000000e7e00000,0x00000000e7e00000,0x00000000e8f00000)
 ParOldGen       total 83456K, used 17916K [0x0000000086e00000, 0x000000008bf80000, 0x00000000d7a00000)
  object space 83456K, 21% used [0x0000000086e00000,0x0000000087f7f228,0x000000008bf80000)
 Metaspace       used 20635K, capacity 21102K, committed 21248K, reserved 1069056K
  class space    used 2314K, capacity 2463K, committed 2560K, reserved 1048576K
GC Heap History (10 events):
Event: 1,876 GC heap after
Heap after GC invocations=3 (full 0):
 PSYoungGen      total 36352K, used 5088K [0x00000000d7a00000, 0x00000000dc100000, 0x0000000100000000)
  eden space 31232K, 0% used [0x00000000d7a00000,0x00000000d7a00000,0x00000000d9880000)
  from space 5120K, 99% used [0x00000000d9880000,0x00000000d9d78040,0x00000000d9d80000)
  to   space 5120K, 0% used [0x00000000dbc00000,0x00000000dbc00000,0x00000000dc100000)
 ParOldGen       total 83456K, used 3761K [0x0000000086e00000, 0x000000008bf80000, 0x00000000d7a00000)
  object space 83456K, 4% used [0x0000000086e00000,0x00000000871ac770,0x000000008bf80000)
 Metaspace       used 14650K, capacity 14844K, committed 14976K, reserved 1062912K
  class space    used 1769K, capacity 1844K, committed 1920K, reserved 1048576K
}
Event: 2,146 GC heap before
{Heap before GC invocations=4 (full 0):
 PSYoungGen      total 36352K, used 36320K [0x00000000d7a00000, 0x00000000dc100000, 0x0000000100000000)
  eden space 31232K, 100% used [0x00000000d7a00000,0x00000000d9880000,0x00000000d9880000)
  from space 5120K, 99% used [0x00000000d9880000,0x00000000d9d78040,0x00000000d9d80000)
  to   space 5120K, 0% used [0x00000000dbc00000,0x00000000dbc00000,0x00000000dc100000)
 ParOldGen       total 83456K, used 3761K [0x0000000086e00000, 0x000000008bf80000, 0x00000000d7a00000)
  object space 83456K, 4% used [0x0000000086e00000,0x00000000871ac770,0x000000008bf80000)
 Metaspace       used 15021K, capacity 15290K, committed 15488K, reserved 1062912K
  class space    used 1784K, capacity 1881K, committed 1920K, reserved 1048576K
Event: 2,161 GC heap after
Heap after GC invocations=4 (full 0):
 PSYoungGen      total 67584K, used 5088K [0x00000000d7a00000, 0x00000000dc100000, 0x0000000100000000)
  eden space 62464K, 0% used [0x00000000d7a00000,0x00000000d7a00000,0x00000000db700000)
  from space 5120K, 99% used [0x00000000dbc00000,0x00000000dc0f8020,0x00000000dc100000)
  to   space 5120K, 0% used [0x00000000db700000,0x00000000db700000,0x00000000dbc00000)
 ParOldGen       total 83456K, used 7543K [0x0000000086e00000, 0x000000008bf80000, 0x00000000d7a00000)
  object space 83456K, 9% used [0x0000000086e00000,0x000000008755df70,0x000000008bf80000)
 Metaspace       used 15021K, capacity 15290K, committed 15488K, reserved 1062912K
  class space    used 1784K, capacity 1881K, committed 1920K, reserved 1048576K
}
Event: 2,647 GC heap before
{Heap before GC invocations=5 (full 0):
 PSYoungGen      total 67584K, used 67552K [0x00000000d7a00000, 0x00000000dc100000, 0x0000000100000000)
  eden space 62464K, 100% used [0x00000000d7a00000,0x00000000db700000,0x00000000db700000)
  from space 5120K, 99% used [0x00000000dbc00000,0x00000000dc0f8020,0x00000000dc100000)
  to   space 5120K, 0% used [0x00000000db700000,0x00000000db700000,0x00000000dbc00000)
 ParOldGen       total 83456K, used 7543K [0x0000000086e00000, 0x000000008bf80000, 0x00000000d7a00000)
  object space 83456K, 9% used [0x0000000086e00000,0x000000008755df70,0x000000008bf80000)
 Metaspace       used 15493K, capacity 15782K, committed 16000K, reserved 1062912K
  class space    used 1820K, capacity 1915K, committed 1920K, reserved 1048576K
Event: 2,669 GC heap after
Heap after GC invocations=5 (full 0):
 PSYoungGen      total 67584K, used 5088K [0x00000000d7a00000, 0x00000000e0e00000, 0x0000000100000000)
  eden space 62464K, 0% used [0x00000000d7a00000,0x00000000d7a00000,0x00000000db700000)
  from space 5120K, 99% used [0x00000000db700000,0x00000000dbbf8020,0x00000000dbc00000)
  to   space 13312K, 0% used [0x00000000e0100000,0x00000000e0100000,0x00000000e0e00000)
 ParOldGen       total 83456K, used 14833K [0x0000000086e00000, 0x000000008bf80000, 0x00000000d7a00000)
  object space 83456K, 17% used [0x0000000086e00000,0x0000000087c7c620,0x000000008bf80000)
 Metaspace       used 15493K, capacity 15782K, committed 16000K, reserved 1062912K
  class space    used 1820K, capacity 1915K, committed 1920K, reserved 1048576K
}
Event: 3,208 GC heap before
{Heap before GC invocations=6 (full 0):
 PSYoungGen      total 67584K, used 67552K [0x00000000d7a00000, 0x00000000e0e00000, 0x0000000100000000)
  eden space 62464K, 100% used [0x00000000d7a00000,0x00000000db700000,0x00000000db700000)
  from space 5120K, 99% used [0x00000000db700000,0x00000000dbbf8020,0x00000000dbc00000)
  to   space 13312K, 0% used [0x00000000e0100000,0x00000000e0100000,0x00000000e0e00000)
 ParOldGen       total 83456K, used 14833K [0x0000000086e00000, 0x000000008bf80000, 0x00000000d7a00000)
  object space 83456K, 17% used [0x0000000086e00000,0x0000000087c7c620,0x000000008bf80000)
 Metaspace       used 15923K, capacity 16202K, committed 16384K, reserved 1062912K
  class space    used 1840K, capacity 1921K, committed 2048K, reserved 1048576K
Event: 3,232 GC heap after
Heap after GC invocations=6 (full 0):
 PSYoungGen      total 137728K, used 10592K [0x00000000d7a00000, 0x00000000e0f00000, 0x0000000100000000)
  eden space 124416K, 0% used [0x00000000d7a00000,0x00000000d7a00000,0x00000000df380000)
  from space 13312K, 79% used [0x00000000e0100000,0x00000000e0b58040,0x00000000e0e00000)
  to   space 13824K, 0% used [0x00000000df380000,0x00000000df380000,0x00000000e0100000)
 ParOldGen       total 83456K, used 14841K [0x0000000086e00000, 0x000000008bf80000, 0x00000000d7a00000)
  object space 83456K, 17% used [0x0000000086e00000,0x0000000087c7e620,0x000000008bf80000)
 Metaspace       used 15923K, capacity 16202K, committed 16384K, reserved 1062912K
  class space    used 1840K, capacity 1921K, committed 2048K, reserved 1048576K
}
Event: 4,249 GC heap before
{Heap before GC invocations=7 (full 0):
 PSYoungGen      total 137728K, used 75258K [0x00000000d7a00000, 0x00000000e0f00000, 0x0000000100000000)
  eden space 124416K, 51% used [0x00000000d7a00000,0x00000000db926a40,0x00000000df380000)
  from space 13312K, 79% used [0x00000000e0100000,0x00000000e0b58040,0x00000000e0e00000)
  to   space 13824K, 0% used [0x00000000df380000,0x00000000df380000,0x00000000e0100000)
 ParOldGen       total 83456K, used 14841K [0x0000000086e00000, 0x000000008bf80000, 0x00000000d7a00000)
  object space 83456K, 17% used [0x0000000086e00000,0x0000000087c7e620,0x000000008bf80000)
 Metaspace       used 20635K, capacity 21102K, committed 21248K, reserved 1069056K
  class space    used 2314K, capacity 2463K, committed 2560K, reserved 1048576K
Event: 4,272 GC heap after
Heap after GC invocations=7 (full 0):
 PSYoungGen      total 138240K, used 13803K [0x00000000d7a00000, 0x00000000e8f00000, 0x0000000100000000)
  eden space 124416K, 0% used [0x00000000d7a00000,0x00000000d7a00000,0x00000000df380000)
  from space 13824K, 99% used [0x00000000df380000,0x00000000e00fadc0,0x00000000e0100000)
  to   space 17408K, 0% used [0x00000000e7e00000,0x00000000e7e00000,0x00000000e8f00000)
 ParOldGen       total 83456K, used 17916K [0x0000000086e00000, 0x000000008bf80000, 0x00000000d7a00000)
  object space 83456K, 21% used [0x0000000086e00000,0x0000000087f7f228,0x000000008bf80000)
 Metaspace       used 20635K, capacity 21102K, committed 21248K, reserved 1069056K
  class space    used 2314K, capacity 2463K, committed 2560K, reserved 1048576K
}
Event: 4,272 GC heap before
{Heap before GC invocations=8 (full 1):
 PSYoungGen      total 138240K, used 13803K [0x00000000d7a00000, 0x00000000e8f00000, 0x0000000100000000)
  eden space 124416K, 0% used [0x00000000d7a00000,0x00000000d7a00000,0x00000000df380000)
  from space 13824K, 99% used [0x00000000df380000,0x00000000e00fadc0,0x00000000e0100000)
  to   space 17408K, 0% used [0x00000000e7e00000,0x00000000e7e00000,0x00000000e8f00000)
 ParOldGen       total 83456K, used 17916K [0x0000000086e00000, 0x000000008bf80000, 0x00000000d7a00000)
  object space 83456K, 21% used [0x0000000086e00000,0x0000000087f7f228,0x000000008bf80000)
 Metaspace       used 20635K, capacity 21102K, committed 21248K, reserved 1069056K
  class space    used 2314K, capacity 2463K, committed 2560K, reserved 1048576K

