-------------------------------------------------------------------------------
Test set: com.Ensim.TP5.Tp5ApplicationTests
-------------------------------------------------------------------------------
Tests run: 1, Failures: 0, Errors: 1, Skipped: 0, Time elapsed: 12.652 s <<< FAILURE! - in com.Ensim.TP5.Tp5ApplicationTests
contextLoads  Time elapsed: 0.002 s  <<< ERROR!
java.lang.IllegalStateException: Failed to load ApplicationContext
Caused by: org.springframework.beans.factory.BeanCreationException: 
Error creating bean with name 'entityManagerFactory' defined in class path resource [org/springframework/boot/autoconfigure/orm/jpa/HibernateJpaConfiguration.class]: Initialization of bean failed; nested exception is org.springframework.jdbc.datasource.init.ScriptStatementFailedException: Failed to execute SQL script statement #1 of URL [file:/H:/Mes%20documents/java/TP5/target/classes/data.sql]: INSERT INTO Address (id , creation , content ) VALUES (1, CURRENT_TIMESTAMP () , â€™57 boulevard demorieux â€™); nested exception is org.h2.jdbc.JdbcSQLSyntaxErrorException: Erreur de syntaxe dans l'instruction SQL "INSERT INTO ADDRESS (ID , CREATION , CONTENT ) VALUES (1, CURRENT_TIMESTAMP () , Â€[*]™57 BOULEVARD DEMORIEUX Â€™)"
Syntax error in SQL statement "INSERT INTO ADDRESS (ID , CREATION , CONTENT ) VALUES (1, CURRENT_TIMESTAMP () , Â€[*]™57 BOULEVARD DEMORIEUX Â€™)"; SQL statement:
INSERT INTO Address (id , creation , content ) VALUES (1, CURRENT_TIMESTAMP () , â€™57 boulevard demorieux â€™) [42000-200]
Caused by: org.springframework.jdbc.datasource.init.ScriptStatementFailedException: 
Failed to execute SQL script statement #1 of URL [file:/H:/Mes%20documents/java/TP5/target/classes/data.sql]: INSERT INTO Address (id , creation , content ) VALUES (1, CURRENT_TIMESTAMP () , â€™57 boulevard demorieux â€™); nested exception is org.h2.jdbc.JdbcSQLSyntaxErrorException: Erreur de syntaxe dans l'instruction SQL "INSERT INTO ADDRESS (ID , CREATION , CONTENT ) VALUES (1, CURRENT_TIMESTAMP () , Â€[*]™57 BOULEVARD DEMORIEUX Â€™)"
Syntax error in SQL statement "INSERT INTO ADDRESS (ID , CREATION , CONTENT ) VALUES (1, CURRENT_TIMESTAMP () , Â€[*]™57 BOULEVARD DEMORIEUX Â€™)"; SQL statement:
INSERT INTO Address (id , creation , content ) VALUES (1, CURRENT_TIMESTAMP () , â€™57 boulevard demorieux â€™) [42000-200]
Caused by: org.h2.jdbc.JdbcSQLSyntaxErrorException: 
Erreur de syntaxe dans l'instruction SQL "INSERT INTO ADDRESS (ID , CREATION , CONTENT ) VALUES (1, CURRENT_TIMESTAMP () , Â€[*]™57 BOULEVARD DEMORIEUX Â€™)"
Syntax error in SQL statement "INSERT INTO ADDRESS (ID , CREATION , CONTENT ) VALUES (1, CURRENT_TIMESTAMP () , Â€[*]™57 BOULEVARD DEMORIEUX Â€™)"; SQL statement:
INSERT INTO Address (id , creation , content ) VALUES (1, CURRENT_TIMESTAMP () , â€™57 boulevard demorieux â€™) [42000-200]

